Сборка начата 26.12.2023 11:01:47.
Уровень детализации журнала: Normal.     1>Проект "D:\УНИВЕРСИТЕТ\Лабалаторные работы\Лр ВРПО\Лр ВРПО №4\Лр ВРПО №4\Лр ВРПО №4\Лр ВРПО №4.vcxproj" в узле 2 (целевые объекты Build).
     1>InitializeBuildStatus:
         Обращение к "x64\Debug\Лр ВРПО №4.tlog\unsuccessfulbuild".
       ClCompile:
         C:\Program Files\Microsoft Visual Studio\2022\Community\VC\Tools\MSVC\14.37.32822\bin\HostX64\x64\CL.exe /c /ZI /JMC /nologo /W3 /WX- /diagnostics:column /sdl /Od /D _DEBUG /D _CONSOLE /D _UNICODE /D UNICODE /Gm- /EHsc /RTC1 /MDd /GS /fp:precise /Zc:wchar_t /Zc:forScope /Zc:inline /permissive- /Fo"x64\Debug\\" /Fd"x64\Debug\vc143.pdb" /external:W3 /Gd /TP /FC /errorReport:prompt getKirilich.cpp
         getKirilich.cpp
     1>D:\УНИВЕРСИТЕТ\Лабалаторные работы\Лр ВРПО\Лр ВРПО №4\Лр ВРПО №4\Лр ВРПО №4\getKirilich.cpp(18,93): error C2144: синтаксическая ошибка: перед "int" требуется ")"
     1>D:\УНИВЕРСИТЕТ\Лабалаторные работы\Лр ВРПО\Лр ВРПО №4\Лр ВРПО №4\Лр ВРПО №4\getKirilich.cpp(18,52): error C2064: результатом вычисления фрагмента не является функция, принимающая 0 аргументов
     1>D:\УНИВЕРСИТЕТ\Лабалаторные работы\Лр ВРПО\Лр ВРПО №4\Лр ВРПО №4\Лр ВРПО №4\getKirilich.cpp(18,93): error C2062: тип "int" не требуется
     1>D:\УНИВЕРСИТЕТ\Лабалаторные работы\Лр ВРПО\Лр ВРПО №4\Лр ВРПО №4\Лр ВРПО №4\getKirilich.cpp(19,128): error C2059: синтаксическая ошибка: )
     1>D:\УНИВЕРСИТЕТ\Лабалаторные работы\Лр ВРПО\Лр ВРПО №4\Лр ВРПО №4\Лр ВРПО №4\getKirilich.cpp(19,130): error C2143: синтаксическая ошибка: отсутствие ";" перед "{"
     1>Сборка проекта "D:\УНИВЕРСИТЕТ\Лабалаторные работы\Лр ВРПО\Лр ВРПО №4\Лр ВРПО №4\Лр ВРПО №4\Лр ВРПО №4.vcxproj" завершена (целевые объекты Build) с ошибкой.

Ошибка сборки.

       "D:\УНИВЕРСИТЕТ\Лабалаторные работы\Лр ВРПО\Лр ВРПО №4\Лр ВРПО №4\Лр ВРПО №4\Лр ВРПО №4.vcxproj" (целевой объект Build ) (1) ->
       (Целевой объект ClCompile) -> 
         D:\УНИВЕРСИТЕТ\Лабалаторные работы\Лр ВРПО\Лр ВРПО №4\Лр ВРПО №4\Лр ВРПО №4\getKirilich.cpp(18,93): error C2144: синтаксическая ошибка: перед "int" требуется ")"
         D:\УНИВЕРСИТЕТ\Лабалаторные работы\Лр ВРПО\Лр ВРПО №4\Лр ВРПО №4\Лр ВРПО №4\getKirilich.cpp(18,52): error C2064: результатом вычисления фрагмента не является функция, принимающая 0 аргументов
         D:\УНИВЕРСИТЕТ\Лабалаторные работы\Лр ВРПО\Лр ВРПО №4\Лр ВРПО №4\Лр ВРПО №4\getKirilich.cpp(18,93): error C2062: тип "int" не требуется
         D:\УНИВЕРСИТЕТ\Лабалаторные работы\Лр ВРПО\Лр ВРПО №4\Лр ВРПО №4\Лр ВРПО №4\getKirilich.cpp(19,128): error C2059: синтаксическая ошибка: )
         D:\УНИВЕРСИТЕТ\Лабалаторные работы\Лр ВРПО\Лр ВРПО №4\Лр ВРПО №4\Лр ВРПО №4\getKirilich.cpp(19,130): error C2143: синтаксическая ошибка: отсутствие ";" перед "{"

    Предупреждений: 0
    Ошибок: 5

Прошло времени 00:00:08.46
