Сборка начата 13.12.2023 10:06:37.
Уровень детализации журнала: Normal.     1>Проект "D:\УНИВЕРСИТЕТ\Лабалаторные работы\Лр ВРПО\Лр ВРПО №4\Лр ВРПО №\Лр ВРПО №\Лр ВРПО №.vcxproj" в узле 2 (целевые объекты Build).
     1>InitializeBuildStatus:
         Обращение к "x64\Debug\Лр ВРПО №.tlog\unsuccessfulbuild".
       ClCompile:
         C:\Program Files\Microsoft Visual Studio\2022\Community\VC\Tools\MSVC\14.37.32822\bin\HostX64\x64\CL.exe /c /ZI /JMC /nologo /W3 /WX- /diagnostics:column /sdl /Od /D _DEBUG /D _CONSOLE /D _UNICODE /D UNICODE /Gm- /EHsc /RTC1 /MDd /GS /fp:precise /Zc:wchar_t /Zc:forScope /Zc:inline /permissive- /Fo"x64\Debug\\" /Fd"x64\Debug\vc143.pdb" /external:W3 /Gd /TP /FC /errorReport:prompt "Лр ВРПО №.cpp"
         Лр ВРПО №.cpp
     1>D:\УНИВЕРСИТЕТ\Лабалаторные работы\Лр ВРПО\Лр ВРПО №4\Лр ВРПО №\Лр ВРПО №\Лр ВРПО №.cpp(24,13): error C3861: getLatin: идентификатор не найден
     1>D:\УНИВЕРСИТЕТ\Лабалаторные работы\Лр ВРПО\Лр ВРПО №4\Лр ВРПО №\Лр ВРПО №\Лр ВРПО №.cpp(28,13): error C3861: getKirilich: идентификатор не найден
     1>D:\УНИВЕРСИТЕТ\Лабалаторные работы\Лр ВРПО\Лр ВРПО №4\Лр ВРПО №\Лр ВРПО №\Лр ВРПО №.cpp(32,13): error C3861: getNumber: идентификатор не найден
     1>Сборка проекта "D:\УНИВЕРСИТЕТ\Лабалаторные работы\Лр ВРПО\Лр ВРПО №4\Лр ВРПО №\Лр ВРПО №\Лр ВРПО №.vcxproj" завершена (целевые объекты Build) с ошибкой.

Ошибка сборки.

       "D:\УНИВЕРСИТЕТ\Лабалаторные работы\Лр ВРПО\Лр ВРПО №4\Лр ВРПО №\Лр ВРПО №\Лр ВРПО №.vcxproj" (целевой объект Build ) (1) ->
       (Целевой объект ClCompile) -> 
         D:\УНИВЕРСИТЕТ\Лабалаторные работы\Лр ВРПО\Лр ВРПО №4\Лр ВРПО №\Лр ВРПО №\Лр ВРПО №.cpp(24,13): error C3861: getLatin: идентификатор не найден
         D:\УНИВЕРСИТЕТ\Лабалаторные работы\Лр ВРПО\Лр ВРПО №4\Лр ВРПО №\Лр ВРПО №\Лр ВРПО №.cpp(28,13): error C3861: getKirilich: идентификатор не найден
         D:\УНИВЕРСИТЕТ\Лабалаторные работы\Лр ВРПО\Лр ВРПО №4\Лр ВРПО №\Лр ВРПО №\Лр ВРПО №.cpp(32,13): error C3861: getNumber: идентификатор не найден

    Предупреждений: 0
    Ошибок: 3

Прошло времени 00:00:06.06
